2020-09-01 01:44:23,789 INFO [main] PhpTravels [PhpTravels.java:29] Выбор и запуск браузера
2020-09-01 01:44:37,893 INFO [main] PhpTravels [PhpTravels.java:46] chrome
2020-09-01 01:44:52,648 INFO [main] PhpTravels [PhpTravels.java:61] https://www.phptravels.net/admin
2020-09-01 01:44:52,698 INFO [main] PhpTravels [PhpTravels.java:62]  >Administator Login
2020-09-01 01:45:06,558 INFO [main] PhpTravels [PhpTravels.java:77] -->Dashboard
2020-09-01 01:45:11,536 INFO [main] PhpTravels [PhpTravels.java:116] chrome закрыт
2020-09-01 01:46:06,242 INFO [main] PhpTravels [PhpTravels.java:29] Выбор и запуск браузера
2020-09-01 01:46:09,161 INFO [main] PhpTravels [PhpTravels.java:46] internetExplorer
2020-09-01 01:46:19,254 INFO [main] PhpTravels [PhpTravels.java:61] https://www.phptravels.net/home
2020-09-01 01:46:19,363 INFO [main] PhpTravels [PhpTravels.java:62]  >PHPTRAVELS | Travel Technology Partner
2020-09-01 01:46:31,012 INFO [main] PhpTravels [PhpTravels.java:116] internetExplorer закрыт
2020-09-01 01:47:08,853 ERROR [main] s.UrlChecks [UrlChecks.java:63] protocol = https host = null
2020-09-01 01:47:19,957 INFO [main] PhpTravels [PhpTravels.java:29] Выбор и запуск браузера
2020-09-01 01:47:21,697 INFO [main] PhpTravels [PhpTravels.java:46] internetExplorer
2020-09-01 01:47:26,746 INFO [main] PhpTravels [PhpTravels.java:61] https://www.phptravels.net/login
2020-09-01 01:47:26,782 INFO [main] PhpTravels [PhpTravels.java:62]  >Login
2020-09-01 01:47:32,004 INFO [main] PhpTravels [PhpTravels.java:77] -->My Account
2020-09-01 01:47:40,236 INFO [main] PhpTravels [PhpTravels.java:116] internetExplorer закрыт
2020-09-01 01:48:06,824 ERROR [main] s.UrlChecks [UrlChecks.java:63] protocol = https host = null
2020-09-01 01:48:15,893 INFO [main] PhpTravels [PhpTravels.java:29] Выбор и запуск браузера
2020-09-01 01:48:23,169 INFO [main] PhpTravels [PhpTravels.java:46] firefox
2020-09-01 01:48:37,432 INFO [main] PhpTravels [PhpTravels.java:61] https://www.phptravels.net/home
2020-09-01 01:48:37,462 INFO [main] PhpTravels [PhpTravels.java:62]  >PHPTRAVELS | Travel Technology Partner
2020-09-01 01:48:37,510 INFO [main] PhpTravels [PhpTravels.java:94] >> ar
2020-09-01 01:48:45,625 INFO [main] PhpTravels [PhpTravels.java:101] ARABIC
2020-09-01 01:48:45,680 INFO [main] LanguageCheckHome [LanguageCheckHome.java:52] Контрольное слово : اشتراك مورد
2020-09-01 01:48:45,767 INFO [main] PhpTravels [PhpTravels.java:94] >> de
2020-09-01 01:48:52,526 INFO [main] PhpTravels [PhpTravels.java:101] GERMAN
2020-09-01 01:48:52,574 INFO [main] LanguageCheckHome [LanguageCheckHome.java:52] Контрольное слово : Supplier Sign Up
2020-09-01 01:48:52,659 INFO [main] PhpTravels [PhpTravels.java:94] >> vi
2020-09-01 01:48:59,428 INFO [main] PhpTravels [PhpTravels.java:101] VIETNAMESE
2020-09-01 01:48:59,498 INFO [main] LanguageCheckHome [LanguageCheckHome.java:52] Контрольное слово : Đăng ký nhà cung cấp
2020-09-01 01:48:59,569 INFO [main] PhpTravels [PhpTravels.java:94] >> ru
2020-09-01 01:49:05,913 INFO [main] PhpTravels [PhpTravels.java:101] RUSSIAN
2020-09-01 01:49:05,976 INFO [main] LanguageCheckHome [LanguageCheckHome.java:52] Контрольное слово : Подпись поставщика
2020-09-01 01:49:06,051 INFO [main] PhpTravels [PhpTravels.java:94] >> en
2020-09-01 01:49:12,438 INFO [main] PhpTravels [PhpTravels.java:101] ENGLISH
2020-09-01 01:49:12,480 INFO [main] LanguageCheckHome [LanguageCheckHome.java:52] Контрольное слово : Supplier Sign Up
2020-09-01 01:49:12,531 INFO [main] PhpTravels [PhpTravels.java:94] >> fa
2020-09-01 01:49:18,653 INFO [main] PhpTravels [PhpTravels.java:101] FARSI
2020-09-01 01:49:18,694 INFO [main] LanguageCheckHome [LanguageCheckHome.java:52] Контрольное слово : ثبت نام کننده
2020-09-01 01:49:18,749 INFO [main] PhpTravels [PhpTravels.java:94] >> fr
2020-09-01 01:49:25,144 INFO [main] PhpTravels [PhpTravels.java:101] FRENCH
2020-09-01 01:49:25,193 INFO [main] LanguageCheckHome [LanguageCheckHome.java:52] Контрольное слово : Signature du fournisseur
2020-09-01 01:49:25,256 INFO [main] PhpTravels [PhpTravels.java:94] >> tr
2020-09-01 01:49:31,331 INFO [main] PhpTravels [PhpTravels.java:101] TURKISH
2020-09-01 01:49:31,373 INFO [main] LanguageCheckHome [LanguageCheckHome.java:52] Контрольное слово : Tedarikçi Kayıt Olun
2020-09-01 01:49:31,423 INFO [main] PhpTravels [PhpTravels.java:94] >> es
2020-09-01 01:49:37,781 INFO [main] PhpTravels [PhpTravels.java:101] SPANISH
2020-09-01 01:49:37,851 INFO [main] LanguageCheckHome [LanguageCheckHome.java:52] Контрольное слово : Registro de proveedores
2020-09-01 01:49:39,548 INFO [main] PhpTravels [PhpTravels.java:116] firefox закрыт
2020-09-01 01:49:39,554 INFO [main] PhpTravels [PhpTravels.java:29] Выбор и запуск браузера
2020-09-01 01:49:45,811 INFO [main] PhpTravels [PhpTravels.java:46] chrome
2020-09-01 01:50:01,506 INFO [main] PhpTravels [PhpTravels.java:61] https://www.phptravels.net/login
2020-09-01 01:50:01,528 INFO [main] PhpTravels [PhpTravels.java:62]  >Login
2020-09-01 01:50:07,327 INFO [main] PhpTravels [PhpTravels.java:77] -->My Account
2020-09-01 01:50:07,436 INFO [main] PhpTravels [PhpTravels.java:94] >> ar
2020-09-01 01:50:11,639 INFO [main] PhpTravels [PhpTravels.java:101] ARABIC
2020-09-01 01:50:11,707 INFO [main] LanguageCheckUser [LanguageCheckUser.java:53] Контрольное слово : اشتراك مورد
2020-09-01 01:50:11,802 INFO [main] PhpTravels [PhpTravels.java:94] >> de
2020-09-01 01:50:15,523 INFO [main] PhpTravels [PhpTravels.java:101] GERMAN
2020-09-01 01:50:15,574 INFO [main] LanguageCheckUser [LanguageCheckUser.java:53] Контрольное слово : Supplier Sign Up
2020-09-01 01:50:15,629 INFO [main] PhpTravels [PhpTravels.java:94] >> vi
2020-09-01 01:50:19,320 INFO [main] PhpTravels [PhpTravels.java:101] VIETNAMESE
2020-09-01 01:50:19,377 INFO [main] LanguageCheckUser [LanguageCheckUser.java:53] Контрольное слово : Đăng ký nhà cung cấp
2020-09-01 01:50:19,499 INFO [main] PhpTravels [PhpTravels.java:94] >> ru
2020-09-01 01:50:23,258 INFO [main] PhpTravels [PhpTravels.java:101] RUSSIAN
2020-09-01 01:50:23,323 INFO [main] LanguageCheckUser [LanguageCheckUser.java:53] Контрольное слово : Подпись поставщика
2020-09-01 01:50:23,380 INFO [main] PhpTravels [PhpTravels.java:94] >> en
2020-09-01 01:50:27,209 INFO [main] PhpTravels [PhpTravels.java:101] ENGLISH
2020-09-01 01:50:27,268 INFO [main] LanguageCheckUser [LanguageCheckUser.java:53] Контрольное слово : Supplier Sign Up
2020-09-01 01:50:27,351 INFO [main] PhpTravels [PhpTravels.java:94] >> fa
2020-09-01 01:50:30,789 INFO [main] PhpTravels [PhpTravels.java:101] FARSI
2020-09-01 01:50:30,838 INFO [main] LanguageCheckUser [LanguageCheckUser.java:53] Контрольное слово : ثبت نام کننده
2020-09-01 01:50:30,890 INFO [main] PhpTravels [PhpTravels.java:94] >> fr
2020-09-01 01:50:33,720 INFO [main] PhpTravels [PhpTravels.java:101] FRENCH
2020-09-01 01:50:33,766 INFO [main] LanguageCheckUser [LanguageCheckUser.java:53] Контрольное слово : Signature du fournisseur
2020-09-01 01:50:33,815 INFO [main] PhpTravels [PhpTravels.java:94] >> tr
2020-09-01 01:50:36,747 INFO [main] PhpTravels [PhpTravels.java:101] TURKISH
2020-09-01 01:50:36,794 INFO [main] LanguageCheckUser [LanguageCheckUser.java:53] Контрольное слово : Tedarikçi Kayıt Olun
2020-09-01 01:50:36,844 INFO [main] PhpTravels [PhpTravels.java:94] >> es
2020-09-01 01:50:39,698 INFO [main] PhpTravels [PhpTravels.java:101] SPANISH
2020-09-01 01:50:39,745 INFO [main] LanguageCheckUser [LanguageCheckUser.java:53] Контрольное слово : Registro de proveedores
2020-09-01 01:50:39,949 INFO [main] PhpTravels [PhpTravels.java:116] chrome закрыт
2020-09-01 01:50:39,952 INFO [main] PhpTravels [PhpTravels.java:29] Выбор и запуск браузера
2020-09-01 01:50:42,661 INFO [main] PhpTravels [PhpTravels.java:46] internetExplorer
2020-09-01 01:50:47,448 INFO [main] PhpTravels [PhpTravels.java:61] https://www.phptravels.net/admin
2020-09-01 01:50:47,474 INFO [main] PhpTravels [PhpTravels.java:62]  >Administator Login
2020-09-01 01:50:47,640 INFO [main] PhpTravels [PhpTravels.java:116] internetExplorer закрыт
2020-09-01 01:50:47,670 INFO [main] PhpTravels [PhpTravels.java:29] Выбор и запуск браузера
2020-09-01 01:50:54,424 INFO [main] PhpTravels [PhpTravels.java:46] firefox
2020-09-01 01:51:10,382 INFO [main] PhpTravels [PhpTravels.java:61] https://www.phptravels.net/home
2020-09-01 01:51:10,413 INFO [main] PhpTravels [PhpTravels.java:62]  >PHPTRAVELS | Travel Technology Partner
2020-09-01 01:51:14,128 INFO [main] PhpTravels [PhpTravels.java:116] firefox закрыт
2020-09-01 01:51:14,137 INFO [main] PhpTravels [PhpTravels.java:29] Выбор и запуск браузера
2020-09-01 01:51:20,095 INFO [main] PhpTravels [PhpTravels.java:46] chrome
2020-09-01 01:51:35,588 INFO [main] PhpTravels [PhpTravels.java:61] https://www.phptravels.net/login
2020-09-01 01:51:35,625 INFO [main] PhpTravels [PhpTravels.java:62]  >Login
2020-09-01 01:51:35,771 INFO [main] PhpTravels [PhpTravels.java:116] chrome закрыт
2020-09-01 01:51:35,778 INFO [main] PhpTravels [PhpTravels.java:29] Выбор и запуск браузера
2020-09-01 01:51:41,558 INFO [main] PhpTravels [PhpTravels.java:46] firefox
2020-09-01 01:51:52,019 INFO [main] PhpTravels [PhpTravels.java:61] https://www.phptravels.net/admin
2020-09-01 01:51:52,040 INFO [main] PhpTravels [PhpTravels.java:62]  >Administator Login
2020-09-01 01:51:58,406 INFO [main] PhpTravels [PhpTravels.java:77] -->Dashboard
2020-09-01 01:52:00,102 INFO [main] PhpTravels [PhpTravels.java:116] firefox закрыт
2020-09-01 01:52:00,112 INFO [main] PhpTravels [PhpTravels.java:29] Выбор и запуск браузера
2020-09-01 01:52:05,891 INFO [main] PhpTravels [PhpTravels.java:46] firefox
2020-09-01 01:52:20,208 INFO [main] PhpTravels [PhpTravels.java:61] https://www.phptravels.net/login
2020-09-01 01:52:20,231 INFO [main] PhpTravels [PhpTravels.java:62]  >Login
2020-09-01 01:52:23,367 INFO [main] PhpTravels [PhpTravels.java:77] -->My Account
2020-09-01 01:52:24,929 INFO [main] PhpTravels [PhpTravels.java:116] firefox закрыт
2020-09-01 01:52:24,939 INFO [main] PhpTravels [PhpTravels.java:29] Выбор и запуск браузера
2020-09-01 01:52:26,737 INFO [main] PhpTravels [PhpTravels.java:46] internetExplorer
2020-09-01 01:52:31,082 INFO [main] PhpTravels [PhpTravels.java:61] https://www.phptravels.net/admin
2020-09-01 01:52:31,123 INFO [main] PhpTravels [PhpTravels.java:62]  >Administator Login
2020-09-01 01:52:44,850 ERROR [main] PhpTravels [PhpTravels.java:75] Expected condition failed: waiting for presence of element located by: By.xpath: //*[contains(text(),'Logout')] (tried for 10 second(s) with 500 MILLISECONDS interval)
2020-09-01 01:52:44,873 INFO [main] PhpTravels [PhpTravels.java:77] -->Administator Login
2020-09-01 01:52:45,020 INFO [main] PhpTravels [PhpTravels.java:116] internetExplorer закрыт
2020-09-01 01:52:45,031 INFO [main] PhpTravels [PhpTravels.java:29] Выбор и запуск браузера
2020-09-01 01:52:51,531 INFO [main] PhpTravels [PhpTravels.java:46] chrome
2020-09-01 01:53:04,679 INFO [main] PhpTravels [PhpTravels.java:61] https://www.phptravels.net/login
2020-09-01 01:53:04,702 INFO [main] PhpTravels [PhpTravels.java:62]  >Login
2020-09-01 01:53:15,648 ERROR [main] PhpTravels [PhpTravels.java:75] Expected condition failed: waiting for presence of element located by: By.xpath: //*[contains(text(),'Logout')] (tried for 10 second(s) with 500 MILLISECONDS interval)
2020-09-01 01:53:15,675 INFO [main] PhpTravels [PhpTravels.java:77] -->Login
2020-09-01 01:53:16,007 INFO [main] PhpTravels [PhpTravels.java:116] chrome закрыт
