2020-09-01 02:01:40,538 INFO [main] PhpTravels [PhpTravels.java:29] Выбор и запуск браузера
2020-09-01 02:01:47,104 INFO [main] PhpTravels [PhpTravels.java:46] internetExplorer
2020-09-01 02:01:54,045 INFO [main] PhpTravels [PhpTravels.java:61] https://www.phptravels.net/admin
2020-09-01 02:01:54,085 INFO [main] PhpTravels [PhpTravels.java:62]  >Administator Login
2020-09-01 02:02:00,551 INFO [main] PhpTravels [PhpTravels.java:77] -->Dashboard
2020-09-01 02:02:15,638 INFO [main] PhpTravels [PhpTravels.java:116] internetExplorer закрыт
2020-09-01 02:03:24,764 INFO [main] PhpTravels [PhpTravels.java:29] Выбор и запуск браузера
2020-09-01 02:03:32,870 INFO [main] PhpTravels [PhpTravels.java:46] firefox
2020-09-01 02:03:48,068 INFO [main] PhpTravels [PhpTravels.java:61] https://www.phptravels.net/home
2020-09-01 02:03:48,118 INFO [main] PhpTravels [PhpTravels.java:62]  >PHPTRAVELS | Travel Technology Partner
2020-09-01 02:03:54,702 INFO [main] PhpTravels [PhpTravels.java:116] firefox закрыт
2020-09-01 02:04:50,852 INFO [main] PhpTravels [PhpTravels.java:29] Выбор и запуск браузера
2020-09-01 02:04:56,985 INFO [main] PhpTravels [PhpTravels.java:46] chrome
2020-09-01 02:05:11,252 INFO [main] PhpTravels [PhpTravels.java:61] https://www.phptravels.net/login
2020-09-01 02:05:11,270 INFO [main] PhpTravels [PhpTravels.java:62]  >Login
2020-09-01 02:05:16,156 INFO [main] PhpTravels [PhpTravels.java:77] -->My Account
2020-09-01 02:05:17,934 INFO [main] PhpTravels [PhpTravels.java:116] chrome закрыт
2020-09-01 02:05:53,891 INFO [main] PhpTravels [PhpTravels.java:29] Выбор и запуск браузера
2020-09-01 02:05:59,601 INFO [main] PhpTravels [PhpTravels.java:46] firefox
2020-09-01 02:06:16,620 INFO [main] PhpTravels [PhpTravels.java:61] https://www.phptravels.net/home
2020-09-01 02:06:16,645 INFO [main] PhpTravels [PhpTravels.java:62]  >PHPTRAVELS | Travel Technology Partner
2020-09-01 02:06:16,688 INFO [main] PhpTravels [PhpTravels.java:94] >> ar
2020-09-01 02:06:22,680 INFO [main] PhpTravels [PhpTravels.java:101] ARABIC
2020-09-01 02:06:22,737 INFO [main] LanguageCheckHome [LanguageCheckHome.java:54] Контрольное слово : اشتراك مورد
2020-09-01 02:06:22,824 INFO [main] PhpTravels [PhpTravels.java:94] >> de
2020-09-01 02:06:28,304 INFO [main] PhpTravels [PhpTravels.java:101] GERMAN
2020-09-01 02:06:28,362 INFO [main] LanguageCheckHome [LanguageCheckHome.java:54] Контрольное слово : Supplier Sign Up
2020-09-01 02:06:28,429 INFO [main] PhpTravels [PhpTravels.java:94] >> vi
2020-09-01 02:06:33,967 INFO [main] PhpTravels [PhpTravels.java:101] VIETNAMESE
2020-09-01 02:06:34,098 INFO [main] LanguageCheckHome [LanguageCheckHome.java:54] Контрольное слово : Đăng ký nhà cung cấp
2020-09-01 02:06:34,178 INFO [main] PhpTravels [PhpTravels.java:94] >> ru
2020-09-01 02:06:39,545 INFO [main] PhpTravels [PhpTravels.java:101] RUSSIAN
2020-09-01 02:06:39,581 INFO [main] LanguageCheckHome [LanguageCheckHome.java:54] Контрольное слово : Подпись поставщика
2020-09-01 02:06:39,631 INFO [main] PhpTravels [PhpTravels.java:94] >> en
2020-09-01 02:06:45,014 INFO [main] PhpTravels [PhpTravels.java:101] ENGLISH
2020-09-01 02:06:45,052 INFO [main] LanguageCheckHome [LanguageCheckHome.java:54] Контрольное слово : Supplier Sign Up
2020-09-01 02:06:45,114 INFO [main] PhpTravels [PhpTravels.java:94] >> fa
2020-09-01 02:06:50,559 INFO [main] PhpTravels [PhpTravels.java:101] FARSI
2020-09-01 02:06:50,598 INFO [main] LanguageCheckHome [LanguageCheckHome.java:54] Контрольное слово : ثبت نام کننده
2020-09-01 02:06:50,646 INFO [main] PhpTravels [PhpTravels.java:94] >> fr
2020-09-01 02:06:55,932 INFO [main] PhpTravels [PhpTravels.java:101] FRENCH
2020-09-01 02:06:55,967 INFO [main] LanguageCheckHome [LanguageCheckHome.java:54] Контрольное слово : Signature du fournisseur
2020-09-01 02:06:56,023 INFO [main] PhpTravels [PhpTravels.java:94] >> tr
2020-09-01 02:07:01,822 INFO [main] PhpTravels [PhpTravels.java:101] TURKISH
2020-09-01 02:07:01,860 INFO [main] LanguageCheckHome [LanguageCheckHome.java:54] Контрольное слово : Tedarikçi Kayıt Olun
2020-09-01 02:07:01,919 INFO [main] PhpTravels [PhpTravels.java:94] >> es
2020-09-01 02:07:08,157 INFO [main] PhpTravels [PhpTravels.java:101] SPANISH
2020-09-01 02:07:08,216 INFO [main] LanguageCheckHome [LanguageCheckHome.java:54] Контрольное слово : Registro de proveedores
2020-09-01 02:07:09,767 INFO [main] PhpTravels [PhpTravels.java:116] firefox закрыт
2020-09-01 02:07:09,769 INFO [main] PhpTravels [PhpTravels.java:29] Выбор и запуск браузера
2020-09-01 02:07:12,153 INFO [main] PhpTravels [PhpTravels.java:46] internetExplorer
2020-09-01 02:07:17,030 INFO [main] PhpTravels [PhpTravels.java:61] https://www.phptravels.net/login
2020-09-01 02:07:17,058 INFO [main] PhpTravels [PhpTravels.java:62]  >Login
2020-09-01 02:07:22,166 INFO [main] PhpTravels [PhpTravels.java:77] -->My Account
2020-09-01 02:07:22,227 INFO [main] PhpTravels [PhpTravels.java:94] >> ar
2020-09-01 02:07:28,423 INFO [main] PhpTravels [PhpTravels.java:101] ARABIC
2020-09-01 02:07:28,698 INFO [main] LanguageCheckUser [LanguageCheckUser.java:55] Контрольное слово : اشتراك مورد
2020-09-01 02:07:29,085 INFO [main] PhpTravels [PhpTravels.java:94] >> de
2020-09-01 02:07:34,734 INFO [main] PhpTravels [PhpTravels.java:101] GERMAN
2020-09-01 02:07:34,972 INFO [main] LanguageCheckUser [LanguageCheckUser.java:55] Контрольное слово : Supplier Sign Up
2020-09-01 02:07:35,376 INFO [main] PhpTravels [PhpTravels.java:94] >> vi
2020-09-01 02:07:41,712 INFO [main] PhpTravels [PhpTravels.java:101] VIETNAMESE
2020-09-01 02:07:42,032 INFO [main] LanguageCheckUser [LanguageCheckUser.java:55] Контрольное слово : Đăng ký nhà cung cấp
2020-09-01 02:07:43,651 INFO [main] PhpTravels [PhpTravels.java:94] >> ru
2020-09-01 02:07:45,573 INFO [main] PhpTravels [PhpTravels.java:94] >> en
2020-09-01 02:07:52,020 INFO [main] PhpTravels [PhpTravels.java:101] ENGLISH
2020-09-01 02:07:52,258 INFO [main] LanguageCheckUser [LanguageCheckUser.java:55] Контрольное слово : Supplier Sign Up
2020-09-01 02:07:52,682 INFO [main] PhpTravels [PhpTravels.java:94] >> fa
2020-09-01 02:07:58,936 INFO [main] PhpTravels [PhpTravels.java:101] FARSI
2020-09-01 02:07:59,221 INFO [main] LanguageCheckUser [LanguageCheckUser.java:55] Контрольное слово : ثبت نام کننده
2020-09-01 02:07:59,586 INFO [main] PhpTravels [PhpTravels.java:94] >> fr
2020-09-01 02:08:05,830 INFO [main] PhpTravels [PhpTravels.java:101] FRENCH
2020-09-01 02:08:06,099 INFO [main] LanguageCheckUser [LanguageCheckUser.java:55] Контрольное слово : Signature du fournisseur
2020-09-01 02:08:06,485 INFO [main] PhpTravels [PhpTravels.java:94] >> tr
2020-09-01 02:08:12,527 INFO [main] PhpTravels [PhpTravels.java:101] TURKISH
2020-09-01 02:08:12,830 INFO [main] LanguageCheckUser [LanguageCheckUser.java:55] Контрольное слово : Tedarikçi Kayıt Olun
2020-09-01 02:08:13,219 INFO [main] PhpTravels [PhpTravels.java:94] >> es
2020-09-01 02:08:19,561 INFO [main] PhpTravels [PhpTravels.java:101] SPANISH
2020-09-01 02:08:19,864 INFO [main] LanguageCheckUser [LanguageCheckUser.java:55] Контрольное слово : Registro de proveedores
2020-09-01 02:08:20,409 INFO [main] PhpTravels [PhpTravels.java:116] internetExplorer закрыт
2020-09-01 02:08:20,411 INFO [main] PhpTravels [PhpTravels.java:29] Выбор и запуск браузера
2020-09-01 02:08:27,266 INFO [main] PhpTravels [PhpTravels.java:46] chrome
2020-09-01 02:08:38,494 INFO [main] PhpTravels [PhpTravels.java:61] https://www.phptravels.net/admin
2020-09-01 02:08:38,513 INFO [main] PhpTravels [PhpTravels.java:62]  >Administator Login
2020-09-01 02:08:38,751 INFO [main] PhpTravels [PhpTravels.java:116] chrome закрыт
2020-09-01 02:08:38,770 INFO [main] PhpTravels [PhpTravels.java:29] Выбор и запуск браузера
2020-09-01 02:08:41,402 INFO [main] PhpTravels [PhpTravels.java:46] internetExplorer
2020-09-01 02:08:48,761 INFO [main] PhpTravels [PhpTravels.java:61] https://www.phptravels.net/home
2020-09-01 02:08:48,902 INFO [main] PhpTravels [PhpTravels.java:62]  >PHPTRAVELS | Travel Technology Partner
2020-09-01 02:08:49,054 INFO [main] PhpTravels [PhpTravels.java:116] internetExplorer закрыт
2020-09-01 02:08:49,062 INFO [main] PhpTravels [PhpTravels.java:29] Выбор и запуск браузера
2020-09-01 02:08:51,448 INFO [main] PhpTravels [PhpTravels.java:46] internetExplorer
2020-09-01 02:08:56,321 INFO [main] PhpTravels [PhpTravels.java:61] https://www.phptravels.net/login
2020-09-01 02:08:56,404 INFO [main] PhpTravels [PhpTravels.java:62]  >Login
2020-09-01 02:08:56,479 INFO [main] PhpTravels [PhpTravels.java:116] internetExplorer закрыт
2020-09-01 02:08:56,484 INFO [main] PhpTravels [PhpTravels.java:29] Выбор и запуск браузера
2020-09-01 02:08:59,346 INFO [main] PhpTravels [PhpTravels.java:46] internetExplorer
2020-09-01 02:09:04,028 INFO [main] PhpTravels [PhpTravels.java:61] https://www.phptravels.net/admin
2020-09-01 02:09:04,047 INFO [main] PhpTravels [PhpTravels.java:62]  >Administator Login
2020-09-01 02:09:09,322 INFO [main] PhpTravels [PhpTravels.java:77] -->Dashboard
2020-09-01 02:09:10,729 INFO [main] PhpTravels [PhpTravels.java:116] internetExplorer закрыт
2020-09-01 02:09:10,736 INFO [main] PhpTravels [PhpTravels.java:29] Выбор и запуск браузера
2020-09-01 02:09:18,079 INFO [main] PhpTravels [PhpTravels.java:46] chrome
2020-09-01 02:09:29,831 INFO [main] PhpTravels [PhpTravels.java:61] https://www.phptravels.net/login
2020-09-01 02:09:29,851 INFO [main] PhpTravels [PhpTravels.java:62]  >Login
2020-09-01 02:09:34,487 INFO [main] PhpTravels [PhpTravels.java:77] -->My Account
2020-09-01 02:09:34,650 INFO [main] PhpTravels [PhpTravels.java:116] chrome закрыт
2020-09-01 02:09:34,663 INFO [main] PhpTravels [PhpTravels.java:29] Выбор и запуск браузера
2020-09-01 02:09:41,152 INFO [main] PhpTravels [PhpTravels.java:46] chrome
2020-09-01 02:09:52,139 INFO [main] PhpTravels [PhpTravels.java:61] https://www.phptravels.net/admin
2020-09-01 02:09:52,155 INFO [main] PhpTravels [PhpTravels.java:62]  >Administator Login
2020-09-01 02:10:02,939 ERROR [main] PhpTravels [PhpTravels.java:75] Expected condition failed: waiting for presence of element located by: By.xpath: //*[contains(text(),'Logout')] (tried for 10 second(s) with 500 MILLISECONDS interval)
2020-09-01 02:10:02,953 INFO [main] PhpTravels [PhpTravels.java:77] -->Administator Login
2020-09-01 02:10:03,715 INFO [main] PhpTravels [PhpTravels.java:116] chrome закрыт
2020-09-01 02:10:03,732 INFO [main] PhpTravels [PhpTravels.java:29] Выбор и запуск браузера
2020-09-01 02:10:06,282 INFO [main] PhpTravels [PhpTravels.java:46] internetExplorer
2020-09-01 02:10:11,027 INFO [main] PhpTravels [PhpTravels.java:61] https://www.phptravels.net/login
2020-09-01 02:10:11,063 INFO [main] PhpTravels [PhpTravels.java:62]  >Login
2020-09-01 02:10:24,181 ERROR [main] PhpTravels [PhpTravels.java:75] Expected condition failed: waiting for presence of element located by: By.xpath: //*[contains(text(),'Logout')] (tried for 10 second(s) with 500 MILLISECONDS interval)
2020-09-01 02:10:24,239 INFO [main] PhpTravels [PhpTravels.java:77] -->Login
2020-09-01 02:10:24,581 INFO [main] PhpTravels [PhpTravels.java:116] internetExplorer закрыт
