2020-08-29 21:56:59,362 INFO [main] PhpTravels [PhpTravels.java:39] Выбор и запуск браузера
2020-08-29 21:57:29,439 INFO [main] PhpTravels [PhpTravels.java:55] internetExplorer
2020-08-29 21:57:37,314 INFO [main] PhpTravels [PhpTravels.java:74] https://www.phptravels.net/home
2020-08-29 21:57:37,529 INFO [main] PhpTravels [PhpTravels.java:75]  >PHPTRAVELS | Travel Technology Partner
2020-08-29 21:57:38,530 INFO [main] PhpTravels [PhpTravels.java:129] >> ar
2020-08-29 21:57:50,548 INFO [main] PhpTravels [PhpTravels.java:136] ARABIC
2020-08-29 21:57:50,961 INFO [main] HomeLanguageCheck [HomeLanguageCheck.java:47] Контрольное слово : اشتراك مورد
2020-08-29 21:57:51,705 INFO [main] PhpTravels [PhpTravels.java:129] >> de
2020-08-29 21:57:59,950 INFO [main] PhpTravels [PhpTravels.java:136] GERMAN
2020-08-29 21:58:00,292 INFO [main] HomeLanguageCheck [HomeLanguageCheck.java:47] Контрольное слово : Supplier Sign Up
2020-08-29 21:58:01,024 INFO [main] PhpTravels [PhpTravels.java:129] >> ru
2020-08-29 21:58:09,598 INFO [main] PhpTravels [PhpTravels.java:136] RUSSIAN
2020-08-29 21:58:09,893 INFO [main] HomeLanguageCheck [HomeLanguageCheck.java:47] Контрольное слово : Подпись поставщика
2020-08-29 21:58:10,312 INFO [main] PhpTravels [PhpTravels.java:129] >> vi
2020-08-29 21:58:18,658 INFO [main] PhpTravels [PhpTravels.java:136] VIETNAMESE
2020-08-29 21:58:18,964 INFO [main] HomeLanguageCheck [HomeLanguageCheck.java:47] Контрольное слово : Đăng ký nhà cung cấp
2020-08-29 21:58:19,367 INFO [main] PhpTravels [PhpTravels.java:129] >> en
2020-08-29 21:58:27,409 INFO [main] PhpTravels [PhpTravels.java:136] ENGLISH
2020-08-29 21:58:27,669 INFO [main] HomeLanguageCheck [HomeLanguageCheck.java:47] Контрольное слово : Supplier Sign Up
2020-08-29 21:58:28,114 INFO [main] PhpTravels [PhpTravels.java:129] >> fa
2020-08-29 21:58:36,221 INFO [main] PhpTravels [PhpTravels.java:136] FARSI
2020-08-29 21:58:36,482 INFO [main] HomeLanguageCheck [HomeLanguageCheck.java:47] Контрольное слово : ثبت نام کننده
2020-08-29 21:58:36,956 INFO [main] PhpTravels [PhpTravels.java:129] >> fr
2020-08-29 21:58:45,722 INFO [main] PhpTravels [PhpTravels.java:136] FRENCH
2020-08-29 21:58:45,967 INFO [main] HomeLanguageCheck [HomeLanguageCheck.java:47] Контрольное слово : Signature du fournisseur
2020-08-29 21:58:46,429 INFO [main] PhpTravels [PhpTravels.java:129] >> tr
2020-08-29 21:58:54,654 INFO [main] PhpTravels [PhpTravels.java:136] TURKISH
2020-08-29 21:58:54,893 INFO [main] HomeLanguageCheck [HomeLanguageCheck.java:47] Контрольное слово : Tedarikçi Kayıt Olun
2020-08-29 21:58:55,360 INFO [main] PhpTravels [PhpTravels.java:129] >> es
2020-08-29 21:59:04,165 INFO [main] PhpTravels [PhpTravels.java:136] SPANISH
2020-08-29 21:59:04,443 INFO [main] HomeLanguageCheck [HomeLanguageCheck.java:47] Контрольное слово : Registro de proveedores
2020-08-29 21:59:05,038 INFO [main] PhpTravels [PhpTravels.java:206] internetExplorer закрыт
