2020-09-01 01:13:20,290 INFO [main] PhpTravels [PhpTravels.java:29] Выбор и запуск браузера
2020-09-01 01:13:30,681 INFO [main] PhpTravels [PhpTravels.java:46] firefox
2020-09-01 01:13:41,074 INFO [main] PhpTravels [PhpTravels.java:61] https://www.phptravels.net/admin
2020-09-01 01:13:41,130 INFO [main] PhpTravels [PhpTravels.java:62]  >Administator Login
2020-09-01 01:13:47,493 INFO [main] PhpTravels [PhpTravels.java:77] -->Dashboard
2020-09-01 01:13:56,970 INFO [main] PhpTravels [PhpTravels.java:116] firefox закрыт
2020-09-01 01:14:41,035 INFO [main] PhpTravels [PhpTravels.java:29] Выбор и запуск браузера
2020-09-01 01:14:46,776 INFO [main] PhpTravels [PhpTravels.java:46] firefox
2020-09-01 01:15:01,047 INFO [main] PhpTravels [PhpTravels.java:61] https://www.phptravels.net/home
2020-09-01 01:15:01,208 INFO [main] PhpTravels [PhpTravels.java:62]  >PHPTRAVELS | Travel Technology Partner
2020-09-01 01:15:11,553 INFO [main] PhpTravels [PhpTravels.java:116] firefox закрыт
2020-09-01 01:15:51,254 INFO [main] PhpTravels [PhpTravels.java:29] Выбор и запуск браузера
2020-09-01 01:15:54,543 INFO [main] PhpTravels [PhpTravels.java:46] internetExplorer
2020-09-01 01:16:02,610 INFO [main] PhpTravels [PhpTravels.java:61] https://www.phptravels.net/home
2020-09-01 01:16:02,864 INFO [main] PhpTravels [PhpTravels.java:62]  >PHPTRAVELS | Travel Technology Partner
2020-09-01 01:16:03,843 INFO [main] PhpTravels [PhpTravels.java:94] >> ar
2020-09-01 01:16:07,675 INFO [main] PhpTravels [PhpTravels.java:94] >> de
2020-09-01 01:16:16,077 INFO [main] PhpTravels [PhpTravels.java:101] GERMAN
2020-09-01 01:16:16,356 INFO [main] LanguageCheckHome [LanguageCheckHome.java:48] Контрольное слово : Supplier Sign Up
2020-09-01 01:16:16,751 INFO [main] PhpTravels [PhpTravels.java:94] >> vi
2020-09-01 01:16:27,542 INFO [main] PhpTravels [PhpTravels.java:101] VIETNAMESE
2020-09-01 01:16:28,046 INFO [main] LanguageCheckHome [LanguageCheckHome.java:48] Контрольное слово : Đăng ký nhà cung cấp
2020-09-01 01:16:28,570 INFO [main] PhpTravels [PhpTravels.java:94] >> ru
2020-09-01 01:16:30,081 INFO [main] PhpTravels [PhpTravels.java:94] >> en
2020-09-01 01:16:37,450 INFO [main] PhpTravels [PhpTravels.java:101] ENGLISH
2020-09-01 01:16:37,729 INFO [main] LanguageCheckHome [LanguageCheckHome.java:48] Контрольное слово : Supplier Sign Up
2020-09-01 01:16:38,117 INFO [main] PhpTravels [PhpTravels.java:94] >> fa
2020-09-01 01:16:48,327 INFO [main] PhpTravels [PhpTravels.java:101] FARSI
2020-09-01 01:16:48,625 INFO [main] LanguageCheckHome [LanguageCheckHome.java:48] Контрольное слово : ثبت نام کننده
2020-09-01 01:16:49,073 INFO [main] PhpTravels [PhpTravels.java:94] >> fr
2020-09-01 01:17:01,120 INFO [main] PhpTravels [PhpTravels.java:101] FRENCH
2020-09-01 01:17:03,945 INFO [main] LanguageCheckHome [LanguageCheckHome.java:48] Контрольное слово : Signature du fournisseur
2020-09-01 01:17:04,464 INFO [main] PhpTravels [PhpTravels.java:94] >> tr
2020-09-01 01:17:14,705 INFO [main] PhpTravels [PhpTravels.java:101] TURKISH
2020-09-01 01:17:15,022 INFO [main] LanguageCheckHome [LanguageCheckHome.java:48] Контрольное слово : Tedarikçi Kayıt Olun
2020-09-01 01:17:15,441 INFO [main] PhpTravels [PhpTravels.java:94] >> es
2020-09-01 01:17:26,397 INFO [main] PhpTravels [PhpTravels.java:101] SPANISH
2020-09-01 01:17:26,704 INFO [main] LanguageCheckHome [LanguageCheckHome.java:48] Контрольное слово : Registro de proveedores
2020-09-01 01:17:27,763 INFO [main] PhpTravels [PhpTravels.java:116] internetExplorer закрыт
2020-09-01 01:17:27,769 INFO [main] PhpTravels [PhpTravels.java:29] Выбор и запуск браузера
2020-09-01 01:17:36,241 INFO [main] PhpTravels [PhpTravels.java:46] firefox
2020-09-01 01:17:49,472 INFO [main] PhpTravels [PhpTravels.java:61] https://www.phptravels.net/admin
2020-09-01 01:17:49,540 INFO [main] PhpTravels [PhpTravels.java:62]  >Administator Login
2020-09-01 01:17:51,480 INFO [main] PhpTravels [PhpTravels.java:116] firefox закрыт
2020-09-01 01:17:51,504 INFO [main] PhpTravels [PhpTravels.java:29] Выбор и запуск браузера
2020-09-01 01:17:53,672 INFO [main] PhpTravels [PhpTravels.java:46] internetExplorer
2020-09-01 01:18:02,122 INFO [main] PhpTravels [PhpTravels.java:61] https://www.phptravels.net/home
2020-09-01 01:18:02,145 INFO [main] PhpTravels [PhpTravels.java:62]  >PHPTRAVELS | Travel Technology Partner
2020-09-01 01:18:02,339 INFO [main] PhpTravels [PhpTravels.java:116] internetExplorer закрыт
2020-09-01 01:18:02,344 INFO [main] PhpTravels [PhpTravels.java:29] Выбор и запуск браузера
2020-09-01 01:18:09,303 INFO [main] PhpTravels [PhpTravels.java:46] firefox
2020-09-01 01:18:22,142 INFO [main] PhpTravels [PhpTravels.java:61] https://www.phptravels.net/login
2020-09-01 01:18:22,286 INFO [main] PhpTravels [PhpTravels.java:62]  >Login
2020-09-01 01:18:23,985 INFO [main] PhpTravels [PhpTravels.java:116] firefox закрыт
2020-09-01 01:18:24,007 INFO [main] PhpTravels [PhpTravels.java:29] Выбор и запуск браузера
2020-09-01 01:18:30,694 INFO [main] PhpTravels [PhpTravels.java:46] chrome
2020-09-01 01:18:42,761 INFO [main] PhpTravels [PhpTravels.java:61] https://www.phptravels.net/admin
2020-09-01 01:18:42,800 INFO [main] PhpTravels [PhpTravels.java:62]  >Administator Login
2020-09-01 01:18:55,504 INFO [main] PhpTravels [PhpTravels.java:77] -->Dashboard
2020-09-01 01:18:55,679 INFO [main] PhpTravels [PhpTravels.java:116] chrome закрыт
2020-09-01 01:18:55,691 INFO [main] PhpTravels [PhpTravels.java:29] Выбор и запуск браузера
2020-09-01 01:19:03,755 INFO [main] PhpTravels [PhpTravels.java:46] firefox
2020-09-01 01:19:18,013 INFO [main] PhpTravels [PhpTravels.java:61] https://www.phptravels.net/login
2020-09-01 01:19:18,057 INFO [main] PhpTravels [PhpTravels.java:62]  >Login
2020-09-01 01:19:21,684 INFO [main] PhpTravels [PhpTravels.java:77] -->My Account
2020-09-01 01:19:23,922 INFO [main] PhpTravels [PhpTravels.java:116] firefox закрыт
2020-09-01 01:19:23,934 INFO [main] PhpTravels [PhpTravels.java:29] Выбор и запуск браузера
2020-09-01 01:19:31,229 INFO [main] PhpTravels [PhpTravels.java:46] internetExplorer
2020-09-01 01:19:40,354 INFO [main] PhpTravels [PhpTravels.java:61] https://www.phptravels.net/login
2020-09-01 01:19:40,375 INFO [main] PhpTravels [PhpTravels.java:62]  >Login
2020-09-01 01:19:46,778 INFO [main] PhpTravels [PhpTravels.java:77] -->My Account
2020-09-01 01:19:57,484 INFO [main] PhpTravels [PhpTravels.java:116] internetExplorer закрыт
2020-09-01 01:20:28,094 INFO [main] PhpTravels [PhpTravels.java:29] Выбор и запуск браузера
2020-09-01 01:20:34,583 INFO [main] PhpTravels [PhpTravels.java:46] chrome
2020-09-01 01:20:59,592 INFO [main] PhpTravels [PhpTravels.java:61] https://www.phptravels.net/login
2020-09-01 01:20:59,621 INFO [main] PhpTravels [PhpTravels.java:62]  >Login
2020-09-01 01:21:25,744 INFO [main] PhpTravels [PhpTravels.java:77] -->My Account
2020-09-01 01:21:25,820 INFO [main] PhpTravels [PhpTravels.java:94] >> ar
2020-09-01 01:21:31,943 INFO [main] PhpTravels [PhpTravels.java:101] ARABIC
2020-09-01 01:21:32,028 INFO [main] LanguageCheckUser [LanguageCheckUser.java:49] Контрольное слово : اشتراك مورد
2020-09-01 01:21:32,118 INFO [main] PhpTravels [PhpTravels.java:94] >> de
2020-09-01 01:21:37,063 INFO [main] PhpTravels [PhpTravels.java:101] GERMAN
2020-09-01 01:21:37,175 INFO [main] LanguageCheckUser [LanguageCheckUser.java:49] Контрольное слово : Supplier Sign Up
2020-09-01 01:21:37,250 INFO [main] PhpTravels [PhpTravels.java:94] >> vi
2020-09-01 01:21:45,256 INFO [main] PhpTravels [PhpTravels.java:101] VIETNAMESE
2020-09-01 01:21:45,381 INFO [main] LanguageCheckUser [LanguageCheckUser.java:49] Контрольное слово : Đăng ký nhà cung cấp
2020-09-01 01:21:45,448 INFO [main] PhpTravels [PhpTravels.java:94] >> ru
2020-09-01 01:21:51,214 INFO [main] PhpTravels [PhpTravels.java:101] RUSSIAN
2020-09-01 01:21:51,355 INFO [main] LanguageCheckUser [LanguageCheckUser.java:49] Контрольное слово : Подпись поставщика
2020-09-01 01:21:51,475 INFO [main] PhpTravels [PhpTravels.java:94] >> en
2020-09-01 01:21:56,692 INFO [main] PhpTravels [PhpTravels.java:101] ENGLISH
2020-09-01 01:21:56,860 INFO [main] LanguageCheckUser [LanguageCheckUser.java:49] Контрольное слово : Supplier Sign Up
2020-09-01 01:21:56,969 INFO [main] PhpTravels [PhpTravels.java:94] >> fa
2020-09-01 01:22:03,204 INFO [main] PhpTravels [PhpTravels.java:101] FARSI
2020-09-01 01:22:03,296 INFO [main] LanguageCheckUser [LanguageCheckUser.java:49] Контрольное слово : ثبت نام کننده
2020-09-01 01:22:03,394 INFO [main] PhpTravels [PhpTravels.java:94] >> fr
2020-09-01 01:22:08,934 INFO [main] PhpTravels [PhpTravels.java:101] FRENCH
2020-09-01 01:22:09,141 INFO [main] LanguageCheckUser [LanguageCheckUser.java:49] Контрольное слово : Signature du fournisseur
2020-09-01 01:22:09,213 INFO [main] PhpTravels [PhpTravels.java:94] >> tr
2020-09-01 01:22:13,007 INFO [main] PhpTravels [PhpTravels.java:101] TURKISH
2020-09-01 01:22:13,078 INFO [main] LanguageCheckUser [LanguageCheckUser.java:49] Контрольное слово : Tedarikçi Kayıt Olun
2020-09-01 01:22:13,141 INFO [main] PhpTravels [PhpTravels.java:94] >> es
2020-09-01 01:22:19,328 INFO [main] PhpTravels [PhpTravels.java:101] SPANISH
2020-09-01 01:22:19,410 INFO [main] LanguageCheckUser [LanguageCheckUser.java:49] Контрольное слово : Registro de proveedores
2020-09-01 01:22:19,995 INFO [main] PhpTravels [PhpTravels.java:116] chrome закрыт
2020-09-01 01:22:20,001 INFO [main] PhpTravels [PhpTravels.java:29] Выбор и запуск браузера
2020-09-01 01:22:28,522 INFO [main] PhpTravels [PhpTravels.java:46] firefox
2020-09-01 01:22:39,970 INFO [main] PhpTravels [PhpTravels.java:61] https://www.phptravels.net/admin
2020-09-01 01:22:40,013 INFO [main] PhpTravels [PhpTravels.java:62]  >Administator Login
2020-09-01 01:22:50,886 ERROR [main] PhpTravels [PhpTravels.java:75] Expected condition failed: waiting for presence of element located by: By.xpath: //*[contains(text(),'Logout')] (tried for 10 second(s) with 500 MILLISECONDS interval)
2020-09-01 01:22:50,903 INFO [main] PhpTravels [PhpTravels.java:77] -->Administator Login
2020-09-01 01:22:53,003 INFO [main] PhpTravels [PhpTravels.java:116] firefox закрыт
2020-09-01 01:22:53,014 INFO [main] PhpTravels [PhpTravels.java:29] Выбор и запуск браузера
2020-09-01 01:23:00,873 INFO [main] PhpTravels [PhpTravels.java:46] chrome
2020-09-01 01:23:15,979 INFO [main] PhpTravels [PhpTravels.java:61] https://www.phptravels.net/login
2020-09-01 01:23:16,010 INFO [main] PhpTravels [PhpTravels.java:62]  >Login
2020-09-01 01:23:28,144 ERROR [main] PhpTravels [PhpTravels.java:75] Expected condition failed: waiting for presence of element located by: By.xpath: //*[contains(text(),'Logout')] (tried for 10 second(s) with 500 MILLISECONDS interval)
2020-09-01 01:23:28,189 INFO [main] PhpTravels [PhpTravels.java:77] -->Login
2020-09-01 01:23:28,907 INFO [main] PhpTravels [PhpTravels.java:116] chrome закрыт
