2020-09-01 02:24:04,878 INFO [main] PhpTravels [PhpTravels.java:29] Выбор и запуск браузера
2020-09-01 02:24:16,541 INFO [main] PhpTravels [PhpTravels.java:46] internetExplorer
2020-09-01 02:24:23,205 INFO [main] PhpTravels [PhpTravels.java:61] https://www.phptravels.net/admin
2020-09-01 02:24:23,238 INFO [main] PhpTravels [PhpTravels.java:62]  >Administator Login
2020-09-01 02:24:28,790 INFO [main] PhpTravels [PhpTravels.java:77] -->Dashboard
2020-09-01 02:24:40,846 INFO [main] PhpTravels [PhpTravels.java:116] internetExplorer закрыт
2020-09-01 02:25:37,578 INFO [main] PhpTravels [PhpTravels.java:29] Выбор и запуск браузера
2020-09-01 02:25:40,511 INFO [main] PhpTravels [PhpTravels.java:46] internetExplorer
2020-09-01 02:25:49,003 INFO [main] PhpTravels [PhpTravels.java:61] https://www.phptravels.net/home
2020-09-01 02:25:49,280 INFO [main] PhpTravels [PhpTravels.java:62]  >PHPTRAVELS | Travel Technology Partner
2020-09-01 02:26:37,177 INFO [main] PhpTravels [PhpTravels.java:116] internetExplorer закрыт
2020-09-01 02:27:16,087 ERROR [main] s.UrlChecks [UrlChecks.java:63] protocol = https host = null
2020-09-01 02:27:27,604 INFO [main] PhpTravels [PhpTravels.java:29] Выбор и запуск браузера
2020-09-01 02:27:30,045 INFO [main] PhpTravels [PhpTravels.java:46] internetExplorer
2020-09-01 02:27:34,877 INFO [main] PhpTravels [PhpTravels.java:61] https://www.phptravels.net/login
2020-09-01 02:27:34,914 INFO [main] PhpTravels [PhpTravels.java:62]  >Login
2020-09-01 02:27:40,092 INFO [main] PhpTravels [PhpTravels.java:77] -->My Account
2020-09-01 02:27:48,161 INFO [main] PhpTravels [PhpTravels.java:116] internetExplorer закрыт
2020-09-01 02:28:17,602 ERROR [main] s.UrlChecks [UrlChecks.java:63] protocol = https host = null
2020-09-01 02:28:25,213 INFO [main] PhpTravels [PhpTravels.java:29] Выбор и запуск браузера
2020-09-01 02:28:34,010 INFO [main] PhpTravels [PhpTravels.java:46] firefox
2020-09-01 02:28:53,248 INFO [main] PhpTravels [PhpTravels.java:61] https://www.phptravels.net/home
2020-09-01 02:28:53,334 INFO [main] PhpTravels [PhpTravels.java:62]  >PHPTRAVELS | Travel Technology Partner
2020-09-01 02:28:53,436 INFO [main] PhpTravels [PhpTravels.java:94] >> ar
2020-09-01 02:29:01,309 INFO [main] PhpTravels [PhpTravels.java:101] ARABIC
2020-09-01 02:29:01,429 INFO [main] LanguageCheckHome [LanguageCheckHome.java:54] Контрольное слово : اشتراك مورد
2020-09-01 02:29:01,546 INFO [main] PhpTravels [PhpTravels.java:94] >> de
2020-09-01 02:29:09,257 INFO [main] PhpTravels [PhpTravels.java:101] GERMAN
2020-09-01 02:29:09,332 INFO [main] LanguageCheckHome [LanguageCheckHome.java:54] Контрольное слово : Supplier Sign Up
2020-09-01 02:29:09,636 INFO [main] PhpTravels [PhpTravels.java:94] >> vi
2020-09-01 02:29:16,040 INFO [main] PhpTravels [PhpTravels.java:101] VIETNAMESE
2020-09-01 02:29:16,165 INFO [main] LanguageCheckHome [LanguageCheckHome.java:54] Контрольное слово : Đăng ký nhà cung cấp
2020-09-01 02:29:16,264 INFO [main] PhpTravels [PhpTravels.java:94] >> ru
2020-09-01 02:29:21,950 INFO [main] PhpTravels [PhpTravels.java:101] RUSSIAN
2020-09-01 02:29:22,038 INFO [main] LanguageCheckHome [LanguageCheckHome.java:54] Контрольное слово : Подпись поставщика
2020-09-01 02:29:22,163 INFO [main] PhpTravels [PhpTravels.java:94] >> en
2020-09-01 02:29:27,816 INFO [main] PhpTravels [PhpTravels.java:101] ENGLISH
2020-09-01 02:29:27,864 INFO [main] LanguageCheckHome [LanguageCheckHome.java:54] Контрольное слово : Supplier Sign Up
2020-09-01 02:29:27,928 INFO [main] PhpTravels [PhpTravels.java:94] >> fa
2020-09-01 02:29:33,690 INFO [main] PhpTravels [PhpTravels.java:101] FARSI
2020-09-01 02:29:33,746 INFO [main] LanguageCheckHome [LanguageCheckHome.java:54] Контрольное слово : ثبت نام کننده
2020-09-01 02:29:33,799 INFO [main] PhpTravels [PhpTravels.java:94] >> fr
2020-09-01 02:29:39,384 INFO [main] PhpTravels [PhpTravels.java:101] FRENCH
2020-09-01 02:29:39,437 INFO [main] LanguageCheckHome [LanguageCheckHome.java:54] Контрольное слово : Signature du fournisseur
2020-09-01 02:29:39,495 INFO [main] PhpTravels [PhpTravels.java:94] >> tr
2020-09-01 02:29:44,744 INFO [main] PhpTravels [PhpTravels.java:101] TURKISH
2020-09-01 02:29:44,807 INFO [main] LanguageCheckHome [LanguageCheckHome.java:54] Контрольное слово : Tedarikçi Kayıt Olun
2020-09-01 02:29:44,867 INFO [main] PhpTravels [PhpTravels.java:94] >> es
2020-09-01 02:29:51,026 INFO [main] PhpTravels [PhpTravels.java:101] SPANISH
2020-09-01 02:29:51,081 INFO [main] LanguageCheckHome [LanguageCheckHome.java:54] Контрольное слово : Registro de proveedores
2020-09-01 02:29:52,762 INFO [main] PhpTravels [PhpTravels.java:116] firefox закрыт
2020-09-01 02:29:52,766 INFO [main] PhpTravels [PhpTravels.java:29] Выбор и запуск браузера
2020-09-01 02:29:55,051 INFO [main] PhpTravels [PhpTravels.java:46] internetExplorer
2020-09-01 02:29:59,841 INFO [main] PhpTravels [PhpTravels.java:61] https://www.phptravels.net/login
2020-09-01 02:29:59,866 INFO [main] PhpTravels [PhpTravels.java:62]  >Login
2020-09-01 02:30:04,391 INFO [main] PhpTravels [PhpTravels.java:77] -->My Account
2020-09-01 02:30:04,464 INFO [main] PhpTravels [PhpTravels.java:94] >> ar
2020-09-01 02:30:11,270 INFO [main] PhpTravels [PhpTravels.java:101] ARABIC
2020-09-01 02:30:11,502 INFO [main] LanguageCheckUser [LanguageCheckUser.java:55] Контрольное слово : اشتراك مورد
2020-09-01 02:30:11,904 INFO [main] PhpTravels [PhpTravels.java:94] >> de
2020-09-01 02:30:17,790 INFO [main] PhpTravels [PhpTravels.java:101] GERMAN
2020-09-01 02:30:18,024 INFO [main] LanguageCheckUser [LanguageCheckUser.java:55] Контрольное слово : Supplier Sign Up
2020-09-01 02:30:18,410 INFO [main] PhpTravels [PhpTravels.java:94] >> vi
2020-09-01 02:30:21,358 INFO [main] PhpTravels [PhpTravels.java:101] GERMAN
2020-09-01 02:30:21,591 INFO [main] LanguageCheckUser [LanguageCheckUser.java:55] Контрольное слово : Supplier Sign Up
2020-09-01 02:30:22,140 INFO [main] PhpTravels [PhpTravels.java:94] >> ru
2020-09-01 02:30:29,356 INFO [main] PhpTravels [PhpTravels.java:101] RUSSIAN
2020-09-01 02:30:29,591 INFO [main] LanguageCheckUser [LanguageCheckUser.java:55] Контрольное слово : Подпись поставщика
2020-09-01 02:30:29,964 INFO [main] PhpTravels [PhpTravels.java:94] >> en
2020-09-01 02:30:35,632 INFO [main] PhpTravels [PhpTravels.java:101] ENGLISH
2020-09-01 02:30:35,856 INFO [main] LanguageCheckUser [LanguageCheckUser.java:55] Контрольное слово : Supplier Sign Up
2020-09-01 02:30:36,228 INFO [main] PhpTravels [PhpTravels.java:94] >> fa
2020-09-01 02:30:42,398 INFO [main] PhpTravels [PhpTravels.java:101] FARSI
2020-09-01 02:30:42,627 INFO [main] LanguageCheckUser [LanguageCheckUser.java:55] Контрольное слово : ثبت نام کننده
2020-09-01 02:30:43,021 INFO [main] PhpTravels [PhpTravels.java:94] >> fr
2020-09-01 02:30:45,690 INFO [main] PhpTravels [PhpTravels.java:101] FARSI
2020-09-01 02:30:45,953 INFO [main] LanguageCheckUser [LanguageCheckUser.java:55] Контрольное слово : ثبت نام کننده
2020-09-01 02:30:46,318 INFO [main] PhpTravels [PhpTravels.java:94] >> tr
2020-09-01 02:30:54,024 INFO [main] PhpTravels [PhpTravels.java:101] TURKISH
2020-09-01 02:30:54,315 INFO [main] LanguageCheckUser [LanguageCheckUser.java:55] Контрольное слово : Tedarikçi Kayıt Olun
2020-09-01 02:30:54,729 INFO [main] PhpTravels [PhpTravels.java:94] >> es
2020-09-01 02:30:56,363 INFO [main] PhpTravels [PhpTravels.java:116] internetExplorer закрыт
2020-09-01 02:30:56,370 INFO [main] PhpTravels [PhpTravels.java:29] Выбор и запуск браузера
2020-09-01 02:30:58,765 INFO [main] PhpTravels [PhpTravels.java:46] internetExplorer
2020-09-01 02:31:04,648 INFO [main] PhpTravels [PhpTravels.java:61] https://www.phptravels.net/admin
2020-09-01 02:31:04,671 INFO [main] PhpTravels [PhpTravels.java:62]  >Administator Login
2020-09-01 02:31:04,822 INFO [main] PhpTravels [PhpTravels.java:116] internetExplorer закрыт
2020-09-01 02:31:04,837 INFO [main] PhpTravels [PhpTravels.java:29] Выбор и запуск браузера
2020-09-01 02:31:11,622 INFO [main] PhpTravels [PhpTravels.java:46] chrome
2020-09-01 02:31:39,856 INFO [main] PhpTravels [PhpTravels.java:61] https://www.phptravels.net/home
2020-09-01 02:31:39,875 INFO [main] PhpTravels [PhpTravels.java:62]  >PHPTRAVELS | Travel Technology Partner
2020-09-01 02:31:40,037 INFO [main] PhpTravels [PhpTravels.java:116] chrome закрыт
2020-09-01 02:31:40,047 INFO [main] PhpTravels [PhpTravels.java:29] Выбор и запуск браузера
2020-09-01 02:31:46,495 INFO [main] PhpTravels [PhpTravels.java:46] firefox
2020-09-01 02:31:59,571 INFO [main] PhpTravels [PhpTravels.java:61] https://www.phptravels.net/login
2020-09-01 02:31:59,644 INFO [main] PhpTravels [PhpTravels.java:62]  >Login
2020-09-01 02:32:01,312 INFO [main] PhpTravels [PhpTravels.java:116] firefox закрыт
2020-09-01 02:32:01,326 INFO [main] PhpTravels [PhpTravels.java:29] Выбор и запуск браузера
2020-09-01 02:32:07,138 INFO [main] PhpTravels [PhpTravels.java:46] firefox
2020-09-01 02:32:17,228 INFO [main] PhpTravels [PhpTravels.java:61] https://www.phptravels.net/admin
2020-09-01 02:32:17,285 INFO [main] PhpTravels [PhpTravels.java:62]  >Administator Login
2020-09-01 02:32:24,463 INFO [main] PhpTravels [PhpTravels.java:77] -->Dashboard
2020-09-01 02:32:26,243 INFO [main] PhpTravels [PhpTravels.java:116] firefox закрыт
2020-09-01 02:32:26,253 INFO [main] PhpTravels [PhpTravels.java:29] Выбор и запуск браузера
2020-09-01 02:32:32,028 INFO [main] PhpTravels [PhpTravels.java:46] chrome
2020-09-01 02:32:49,302 INFO [main] PhpTravels [PhpTravels.java:61] https://www.phptravels.net/login
2020-09-01 02:32:49,339 INFO [main] PhpTravels [PhpTravels.java:62]  >Login
2020-09-01 02:32:57,318 INFO [main] PhpTravels [PhpTravels.java:77] -->My Account
2020-09-01 02:32:57,852 INFO [main] PhpTravels [PhpTravels.java:116] chrome закрыт
2020-09-01 02:32:57,873 INFO [main] PhpTravels [PhpTravels.java:29] Выбор и запуск браузера
2020-09-01 02:33:04,775 INFO [main] PhpTravels [PhpTravels.java:46] chrome
2020-09-01 02:33:17,458 INFO [main] PhpTravels [PhpTravels.java:61] https://www.phptravels.net/admin
2020-09-01 02:33:17,476 INFO [main] PhpTravels [PhpTravels.java:62]  >Administator Login
2020-09-01 02:33:28,329 ERROR [main] PhpTravels [PhpTravels.java:75] Expected condition failed: waiting for presence of element located by: By.xpath: //*[contains(text(),'Logout')] (tried for 10 second(s) with 500 MILLISECONDS interval)
2020-09-01 02:33:28,349 INFO [main] PhpTravels [PhpTravels.java:77] -->Administator Login
2020-09-01 02:33:28,497 INFO [main] PhpTravels [PhpTravels.java:116] chrome закрыт
2020-09-01 02:33:28,510 INFO [main] PhpTravels [PhpTravels.java:29] Выбор и запуск браузера
2020-09-01 02:33:35,490 INFO [main] PhpTravels [PhpTravels.java:46] firefox
2020-09-01 02:33:46,714 INFO [main] PhpTravels [PhpTravels.java:61] https://www.phptravels.net/login
2020-09-01 02:33:46,763 INFO [main] PhpTravels [PhpTravels.java:62]  >Login
2020-09-01 02:33:57,655 ERROR [main] PhpTravels [PhpTravels.java:75] Expected condition failed: waiting for presence of element located by: By.xpath: //*[contains(text(),'Logout')] (tried for 10 second(s) with 500 MILLISECONDS interval)
2020-09-01 02:33:57,714 INFO [main] PhpTravels [PhpTravels.java:77] -->Login
2020-09-01 02:34:01,116 INFO [main] PhpTravels [PhpTravels.java:116] firefox закрыт
